<?xml version="1.0" encoding="UTF-8"?>
<testsuite name="com.thoughtworks.training.measurement.MeasurementTest" tests="2" skipped="0" failures="0" errors="0" timestamp="2019-09-27T05:41:51" hostname="Dipaks-MacBook-Pro.local" time="0.011">
  <properties/>
  <testcase name="givenZeroFoot_WhenCompare_ThenShouldBeEqual()" classname="com.thoughtworks.training.measurement.MeasurementTest" time="0.009"/>
  <testcase name="givenOneInch_WhenCompare_ThenShouldBeEqual()" classname="com.thoughtworks.training.measurement.MeasurementTest" time="0.001"/>
  <system-out><![CDATA[]]></system-out>
  <system-err><![CDATA[]]></system-err>
</testsuite>
