<?xml version="1.0" encoding="UTF-8"?>
<testsuite name="com.thoughtworks.training.measurement.MeasurementTest" tests="1" skipped="0" failures="0" errors="0" timestamp="2019-09-27T04:30:55" hostname="Dipaks-MacBook-Pro.local" time="0.009">
  <properties/>
  <testcase name="givenLengthZero_WhenCompare_ThenShouldReturnZero()" classname="com.thoughtworks.training.measurement.MeasurementTest" time="0.009"/>
  <system-out><![CDATA[]]></system-out>
  <system-err><![CDATA[]]></system-err>
</testsuite>
