<?xml version="1.0" encoding="UTF-8"?>
<testsuite name="com.thoughtworks.training.measurement.MeasurementTest" tests="2" skipped="0" failures="0" errors="0" timestamp="2019-09-27T07:04:42" hostname="Dipaks-MacBook-Pro.local" time="0.009">
  <properties/>
  <testcase name="givenZeroFoot_WhenEquals_ThenShouldBeEqual()" classname="com.thoughtworks.training.measurement.MeasurementTest" time="0.007"/>
  <testcase name="givenZeroFootAndAnotherObject_WhenEquals_ThenShouldNotBeEqual()" classname="com.thoughtworks.training.measurement.MeasurementTest" time="0.001"/>
  <system-out><![CDATA[]]></system-out>
  <system-err><![CDATA[]]></system-err>
</testsuite>
